#
# There is insufficient memory for the Java Runtime Environment to continue.
# Native memory allocation (malloc) failed to allocate 708240 bytes for Chunk::new
# Possible reasons:
#   The system is out of physical RAM or swap space
#   The process is running with CompressedOops enabled, and the Java Heap may be blocking the growth of the native heap
# Possible solutions:
#   Reduce memory load on the system
#   Increase physical memory or swap space
#   Check if swap backing store is full
#   Decrease Java heap size (-Xmx/-Xms)
#   Decrease number of Java threads
#   Decrease Java thread stack sizes (-Xss)
#   Set larger code cache with -XX:ReservedCodeCacheSize=
#   JVM is running with Unscaled Compressed Oops mode in which the Java heap is
#     placed in the first 4GB address space. The Java Heap base address is the
#     maximum limit for the native heap growth. Please use -XX:HeapBaseMinAddress
#     to set the Java Heap base and to place the Java Heap above 4GB virtual address.
# This output file may be truncated or incomplete.
#
#  Out of Memory Error (arena.cpp:195), pid=66036, tid=67648
#
# JRE version: Java(TM) SE Runtime Environment (16.0.2+7) (build 16.0.2+7-67)
# Java VM: Java HotSpot(TM) 64-Bit Server VM (16.0.2+7-67, mixed mode, sharing, tiered, compressed oops, compressed class ptrs, g1 gc, windows-amd64)
# No core dump will be written. Minidumps are not enabled by default on client versions of Windows
#

---------------  S U M M A R Y ------------

Command Line: -agentlib:jdwp=transport=dt_socket,server=n,suspend=y,address=localhost:57650 -XX:+ShowCodeDetailsInExceptionMessages simple.minds.Quiz

Host: 11th Gen Intel(R) Core(TM) i5-1135G7 @ 2.40GHz, 8 cores, 7G,  Windows 10 , 64 bit Build 22000 (10.0.22000.318)
Time: Tue Dec  7 13:05:04 2021 India Standard Time elapsed time: 0.347212 seconds (0d 0h 0m 0s)

---------------  T H R E A D  ---------------

Current thread (0x0000019230aed8a0):  JavaThread "C2 CompilerThread0" daemon [_thread_in_native, id=67648, stack(0x0000005538d00000,0x0000005538e00000)]


Current CompileTask:
C2:    347  510 % !   4       sun.awt.image.ImageRepresentation::getOpaqueRGBImage @ 54 (164 bytes)

Stack: [0x0000005538d00000,0x0000005538e00000]
Native frames: (J=compiled Java code, j=interpreted, Vv=VM code, C=native code)
V  [jvm.dll+0x6681ca]
V  [jvm.dll+0x7c9e69]
V  [jvm.dll+0x7cb61e]
V  [jvm.dll+0x7cbc73]
V  [jvm.dll+0x242c55]
V  [jvm.dll+0xadeba]
V  [jvm.dll+0xae45c]
V  [jvm.dll+0x35a8d7]
V  [jvm.dll+0x324de1]
V  [jvm.dll+0x32428a]
V  [jvm.dll+0x215cec]
V  [jvm.dll+0x215100]
V  [jvm.dll+0x1a1beb]
V  [jvm.dll+0x225158]
V  [jvm.dll+0x22319c]
V  [jvm.dll+0x77fa62]
V  [jvm.dll+0x7795aa]
V  [jvm.dll+0x667066]
C  [ucrtbase.dll+0x26c0c]
C  [KERNEL32.DLL+0x154e0]
C  [ntdll.dll+0x485b]


---------------  P R O C E S S  ---------------

Threads class SMR info:
_java_thread_list=0x00000192329e9f20, length=21, elements={
0x0000019230ad04e0, 0x0000019230ad16f0, 0x0000019230ae9770, 0x0000019230aea080,
0x0000019230aecea0, 0x0000019230aefcf0, 0x0000019230aed8a0, 0x0000019230aee2a0,
0x0000019230aee800, 0x00000192315c80d0, 0x00000192315e5c60, 0x00000192315e67a0,
0x00000192315ebd10, 0x00000192315f01f0, 0x00000192317ecae0, 0x00000192317f3ad0,
0x00000192317fcc90, 0x0000019231892440, 0x00000192318a5b30, 0x00000192329ddce0,
0x0000019212bec170
}

Java Threads: ( => current thread )
  0x0000019230ad04e0 JavaThread "Reference Handler" daemon [_thread_blocked, id=67624, stack(0x0000005538700000,0x0000005538800000)]
  0x0000019230ad16f0 JavaThread "Finalizer" daemon [_thread_blocked, id=67628, stack(0x0000005538800000,0x0000005538900000)]
  0x0000019230ae9770 JavaThread "Signal Dispatcher" daemon [_thread_blocked, id=67632, stack(0x0000005538900000,0x0000005538a00000)]
  0x0000019230aea080 JavaThread "Attach Listener" daemon [_thread_blocked, id=67636, stack(0x0000005538a00000,0x0000005538b00000)]
  0x0000019230aecea0 JavaThread "Service Thread" daemon [_thread_blocked, id=67640, stack(0x0000005538b00000,0x0000005538c00000)]
  0x0000019230aefcf0 JavaThread "Monitor Deflation Thread" daemon [_thread_blocked, id=67644, stack(0x0000005538c00000,0x0000005538d00000)]
=>0x0000019230aed8a0 JavaThread "C2 CompilerThread0" daemon [_thread_in_native, id=67648, stack(0x0000005538d00000,0x0000005538e00000)]
  0x0000019230aee2a0 JavaThread "C1 CompilerThread0" daemon [_thread_blocked, id=67652, stack(0x0000005538e00000,0x0000005538f00000)]
  0x0000019230aee800 JavaThread "Sweeper thread" daemon [_thread_blocked, id=67656, stack(0x0000005538f00000,0x0000005539000000)]
  0x00000192315c80d0 JavaThread "JDWP Transport Listener: dt_socket" daemon [_thread_blocked, id=67664, stack(0x0000005539000000,0x0000005539100000)]
  0x00000192315e5c60 JavaThread "JDWP Event Helper Thread" daemon [_thread_blocked, id=67672, stack(0x0000005539100000,0x0000005539200000)]
  0x00000192315e67a0 JavaThread "JDWP Command Reader" daemon [_thread_in_native, id=67684, stack(0x0000005539200000,0x0000005539300000)]
  0x00000192315ebd10 JavaThread "Notification Thread" daemon [_thread_blocked, id=67692, stack(0x0000005539300000,0x0000005539400000)]
  0x00000192315f01f0 JavaThread "Common-Cleaner" daemon [_thread_blocked, id=67700, stack(0x0000005539500000,0x0000005539600000)]
  0x00000192317ecae0 JavaThread "Java2D Disposer" daemon [_thread_blocked, id=67704, stack(0x0000005539600000,0x0000005539700000)]
  0x00000192317f3ad0 JavaThread "AWT-Shutdown" [_thread_blocked, id=67708, stack(0x0000005539700000,0x0000005539800000)]
  0x00000192317fcc90 JavaThread "AWT-Windows" daemon [_thread_in_native, id=67712, stack(0x0000005539800000,0x0000005539900000)]
  0x0000019231892440 JavaThread "AWT-EventQueue-0" [_thread_in_vm, id=67716, stack(0x0000005539900000,0x0000005539a00000)]
  0x00000192318a5b30 JavaThread "Image Fetcher 0" daemon [_thread_blocked, id=67720, stack(0x0000005539a00000,0x0000005539b00000)]
  0x00000192329ddce0 JavaThread "C2 CompilerThread1" daemon [_thread_in_native, id=67728, stack(0x0000005539b00000,0x0000005539c00000)]
  0x0000019212bec170 JavaThread "DestroyJavaVM" [_thread_blocked, id=67596, stack(0x0000005538000000,0x0000005538100000)]

Other Threads:
  0x0000019230acbde0 VMThread "VM Thread" [stack: 0x0000005538600000,0x0000005538700000] [id=67620]
  0x00000192315edc70 WatcherThread [stack: 0x0000005539400000,0x0000005539500000] [id=67696]
  0x0000019212c2d710 GCTaskThread "GC Thread#0" [stack: 0x0000005538100000,0x0000005538200000] [id=67600]
  0x0000019212c3f120 ConcurrentGCThread "G1 Main Marker" [stack: 0x0000005538200000,0x0000005538300000] [id=67604]
  0x0000019212c3fb90 ConcurrentGCThread "G1 Conc#0" [stack: 0x0000005538300000,0x0000005538400000] [id=67608]
  0x0000019212ccb550 ConcurrentGCThread "G1 Refine#0" [stack: 0x0000005538400000,0x0000005538500000] [id=67612]
  0x0000019212ccc1e0 ConcurrentGCThread "G1 Service" [stack: 0x0000005538500000,0x0000005538600000] [id=67616]

Threads with active compile tasks:
C2 CompilerThread0      374  510 % !   4       sun.awt.image.ImageRepresentation::getOpaqueRGBImage @ 54 (164 bytes)
C2 CompilerThread1      374  471 % !   4       sun.awt.image.PNGImageDecoder::produceImage @ 960 (1917 bytes)

VM state: not at safepoint (normal execution)

VM Mutex/Monitor currently owned by a thread: None

Heap address: 0x0000000083200000, size: 1998 MB, Compressed Oops mode: 32-bit

CDS archive(s) mapped at: [0x0000000800000000-0x0000000800bb0000-0x0000000800bb0000), size 12255232, SharedBaseAddress: 0x0000000800000000, ArchiveRelocationMode: 0.
Compressed class space mapped at: 0x0000000800c00000-0x0000000840c00000, reserved size: 1073741824
Narrow klass base: 0x0000000800000000, Narrow klass shift: 3, Narrow klass range: 0x100000000

GC Precious Log:
 CPUs: 8 total, 8 available
 Memory: 7991M
 Large Page Support: Disabled
 NUMA Support: Disabled
 Compressed Oops: Enabled (32-bit)
 Heap Region Size: 1M
 Heap Min Capacity: 8M
 Heap Initial Capacity: 126M
 Heap Max Capacity: 1998M
 Pre-touch: Disabled
 Parallel Workers: 8
 Concurrent Workers: 2
 Concurrent Refinement Workers: 8
 Periodic GC: Disabled

Heap:
 garbage-first heap   total 129024K, used 13312K [0x0000000083200000, 0x0000000100000000)
  region size 1024K, 9 young (9216K), 0 survivors (0K)
 Metaspace       used 6120K, committed 6272K, reserved 1056768K
  class space    used 657K, committed 768K, reserved 1048576K

Heap Regions: E=young(eden), S=young(survivor), O=old, HS=humongous(starts), HC=humongous(continues), CS=collection set, F=free, OA=open archive, CA=closed archive, TAMS=top-at-mark-start (previous, next)
|   0|0x0000000083200000, 0x0000000083300000, 0x0000000083300000|100%|HS|  |TAMS 0x0000000083200000, 0x0000000083200000| Complete 
|   1|0x0000000083300000, 0x0000000083400000, 0x0000000083400000|100%|HC|  |TAMS 0x0000000083300000, 0x0000000083300000| Complete 
|   2|0x0000000083400000, 0x0000000083500000, 0x0000000083500000|100%|HS|  |TAMS 0x0000000083400000, 0x0000000083400000| Complete 
|   3|0x0000000083500000, 0x0000000083600000, 0x0000000083600000|100%|HC|  |TAMS 0x0000000083500000, 0x0000000083500000| Complete 
|   4|0x0000000083600000, 0x0000000083700000, 0x0000000083700000|100%|HC|  |TAMS 0x0000000083600000, 0x0000000083600000| Complete 
|   5|0x0000000083700000, 0x0000000083700000, 0x0000000083800000|  0%| F|  |TAMS 0x0000000083700000, 0x0000000083700000| Untracked 
|   6|0x0000000083800000, 0x0000000083800000, 0x0000000083900000|  0%| F|  |TAMS 0x0000000083800000, 0x0000000083800000| Untracked 
|   7|0x0000000083900000, 0x0000000083900000, 0x0000000083a00000|  0%| F|  |TAMS 0x0000000083900000, 0x0000000083900000| Untracked 
|   8|0x0000000083a00000, 0x0000000083a00000, 0x0000000083b00000|  0%| F|  |TAMS 0x0000000083a00000, 0x0000000083a00000| Untracked 
|   9|0x0000000083b00000, 0x0000000083b00000, 0x0000000083c00000|  0%| F|  |TAMS 0x0000000083b00000, 0x0000000083b00000| Untracked 
|  10|0x0000000083c00000, 0x0000000083c00000, 0x0000000083d00000|  0%| F|  |TAMS 0x0000000083c00000, 0x0000000083c00000| Untracked 
|  11|0x0000000083d00000, 0x0000000083d00000, 0x0000000083e00000|  0%| F|  |TAMS 0x0000000083d00000, 0x0000000083d00000| Untracked 
|  12|0x0000000083e00000, 0x0000000083e00000, 0x0000000083f00000|  0%| F|  |TAMS 0x0000000083e00000, 0x0000000083e00000| Untracked 
|  13|0x0000000083f00000, 0x0000000083f00000, 0x0000000084000000|  0%| F|  |TAMS 0x0000000083f00000, 0x0000000083f00000| Untracked 
|  14|0x0000000084000000, 0x0000000084000000, 0x0000000084100000|  0%| F|  |TAMS 0x0000000084000000, 0x0000000084000000| Untracked 
|  15|0x0000000084100000, 0x0000000084100000, 0x0000000084200000|  0%| F|  |TAMS 0x0000000084100000, 0x0000000084100000| Untracked 
|  16|0x0000000084200000, 0x0000000084200000, 0x0000000084300000|  0%| F|  |TAMS 0x0000000084200000, 0x0000000084200000| Untracked 
|  17|0x0000000084300000, 0x0000000084300000, 0x0000000084400000|  0%| F|  |TAMS 0x0000000084300000, 0x0000000084300000| Untracked 
|  18|0x0000000084400000, 0x0000000084400000, 0x0000000084500000|  0%| F|  |TAMS 0x0000000084400000, 0x0000000084400000| Untracked 
|  19|0x0000000084500000, 0x0000000084500000, 0x0000000084600000|  0%| F|  |TAMS 0x0000000084500000, 0x0000000084500000| Untracked 
|  20|0x0000000084600000, 0x0000000084600000, 0x0000000084700000|  0%| F|  |TAMS 0x0000000084600000, 0x0000000084600000| Untracked 
|  21|0x0000000084700000, 0x0000000084700000, 0x0000000084800000|  0%| F|  |TAMS 0x0000000084700000, 0x0000000084700000| Untracked 
|  22|0x0000000084800000, 0x0000000084800000, 0x0000000084900000|  0%| F|  |TAMS 0x0000000084800000, 0x0000000084800000| Untracked 
|  23|0x0000000084900000, 0x0000000084900000, 0x0000000084a00000|  0%| F|  |TAMS 0x0000000084900000, 0x0000000084900000| Untracked 
|  24|0x0000000084a00000, 0x0000000084a00000, 0x0000000084b00000|  0%| F|  |TAMS 0x0000000084a00000, 0x0000000084a00000| Untracked 
|  25|0x0000000084b00000, 0x0000000084b00000, 0x0000000084c00000|  0%| F|  |TAMS 0x0000000084b00000, 0x0000000084b00000| Untracked 
|  26|0x0000000084c00000, 0x0000000084c00000, 0x0000000084d00000|  0%| F|  |TAMS 0x0000000084c00000, 0x0000000084c00000| Untracked 
|  27|0x0000000084d00000, 0x0000000084d00000, 0x0000000084e00000|  0%| F|  |TAMS 0x0000000084d00000, 0x0000000084d00000| Untracked 
|  28|0x0000000084e00000, 0x0000000084e00000, 0x0000000084f00000|  0%| F|  |TAMS 0x0000000084e00000, 0x0000000084e00000| Untracked 
|  29|0x0000000084f00000, 0x0000000084f00000, 0x0000000085000000|  0%| F|  |TAMS 0x0000000084f00000, 0x0000000084f00000| Untracked 
|  30|0x0000000085000000, 0x0000000085000000, 0x0000000085100000|  0%| F|  |TAMS 0x0000000085000000, 0x0000000085000000| Untracked 
|  31|0x0000000085100000, 0x0000000085100000, 0x0000000085200000|  0%| F|  |TAMS 0x0000000085100000, 0x0000000085100000| Untracked 
|  32|0x0000000085200000, 0x0000000085200000, 0x0000000085300000|  0%| F|  |TAMS 0x0000000085200000, 0x0000000085200000| Untracked 
|  33|0x0000000085300000, 0x0000000085300000, 0x0000000085400000|  0%| F|  |TAMS 0x0000000085300000, 0x0000000085300000| Untracked 
|  34|0x0000000085400000, 0x0000000085400000, 0x0000000085500000|  0%| F|  |TAMS 0x0000000085400000, 0x0000000085400000| Untracked 
|  35|0x0000000085500000, 0x0000000085500000, 0x0000000085600000|  0%| F|  |TAMS 0x0000000085500000, 0x0000000085500000| Untracked 
|  36|0x0000000085600000, 0x0000000085600000, 0x0000000085700000|  0%| F|  |TAMS 0x0000000085600000, 0x0000000085600000| Untracked 
|  37|0x0000000085700000, 0x0000000085700000, 0x0000000085800000|  0%| F|  |TAMS 0x0000000085700000, 0x0000000085700000| Untracked 
|  38|0x0000000085800000, 0x0000000085800000, 0x0000000085900000|  0%| F|  |TAMS 0x0000000085800000, 0x0000000085800000| Untracked 
|  39|0x0000000085900000, 0x0000000085900000, 0x0000000085a00000|  0%| F|  |TAMS 0x0000000085900000, 0x0000000085900000| Untracked 
|  40|0x0000000085a00000, 0x0000000085a00000, 0x0000000085b00000|  0%| F|  |TAMS 0x0000000085a00000, 0x0000000085a00000| Untracked 
|  41|0x0000000085b00000, 0x0000000085b00000, 0x0000000085c00000|  0%| F|  |TAMS 0x0000000085b00000, 0x0000000085b00000| Untracked 
|  42|0x0000000085c00000, 0x0000000085c00000, 0x0000000085d00000|  0%| F|  |TAMS 0x0000000085c00000, 0x0000000085c00000| Untracked 
|  43|0x0000000085d00000, 0x0000000085d00000, 0x0000000085e00000|  0%| F|  |TAMS 0x0000000085d00000, 0x0000000085d00000| Untracked 
|  44|0x0000000085e00000, 0x0000000085e00000, 0x0000000085f00000|  0%| F|  |TAMS 0x0000000085e00000, 0x0000000085e00000| Untracked 
|  45|0x0000000085f00000, 0x0000000085f00000, 0x0000000086000000|  0%| F|  |TAMS 0x0000000085f00000, 0x0000000085f00000| Untracked 
|  46|0x0000000086000000, 0x0000000086000000, 0x0000000086100000|  0%| F|  |TAMS 0x0000000086000000, 0x0000000086000000| Untracked 
|  47|0x0000000086100000, 0x0000000086100000, 0x0000000086200000|  0%| F|  |TAMS 0x0000000086100000, 0x0000000086100000| Untracked 
|  48|0x0000000086200000, 0x0000000086200000, 0x0000000086300000|  0%| F|  |TAMS 0x0000000086200000, 0x0000000086200000| Untracked 
|  49|0x0000000086300000, 0x0000000086300000, 0x0000000086400000|  0%| F|  |TAMS 0x0000000086300000, 0x0000000086300000| Untracked 
|  50|0x0000000086400000, 0x0000000086400000, 0x0000000086500000|  0%| F|  |TAMS 0x0000000086400000, 0x0000000086400000| Untracked 
|  51|0x0000000086500000, 0x0000000086500000, 0x0000000086600000|  0%| F|  |TAMS 0x0000000086500000, 0x0000000086500000| Untracked 
|  52|0x0000000086600000, 0x0000000086600000, 0x0000000086700000|  0%| F|  |TAMS 0x0000000086600000, 0x0000000086600000| Untracked 
|  53|0x0000000086700000, 0x0000000086700000, 0x0000000086800000|  0%| F|  |TAMS 0x0000000086700000, 0x0000000086700000| Untracked 
|  54|0x0000000086800000, 0x0000000086800000, 0x0000000086900000|  0%| F|  |TAMS 0x0000000086800000, 0x0000000086800000| Untracked 
|  55|0x0000000086900000, 0x0000000086900000, 0x0000000086a00000|  0%| F|  |TAMS 0x0000000086900000, 0x0000000086900000| Untracked 
|  56|0x0000000086a00000, 0x0000000086a00000, 0x0000000086b00000|  0%| F|  |TAMS 0x0000000086a00000, 0x0000000086a00000| Untracked 
|  57|0x0000000086b00000, 0x0000000086b00000, 0x0000000086c00000|  0%| F|  |TAMS 0x0000000086b00000, 0x0000000086b00000| Untracked 
|  58|0x0000000086c00000, 0x0000000086c00000, 0x0000000086d00000|  0%| F|  |TAMS 0x0000000086c00000, 0x0000000086c00000| Untracked 
|  59|0x0000000086d00000, 0x0000000086d00000, 0x0000000086e00000|  0%| F|  |TAMS 0x0000000086d00000, 0x0000000086d00000| Untracked 
|  60|0x0000000086e00000, 0x0000000086e00000, 0x0000000086f00000|  0%| F|  |TAMS 0x0000000086e00000, 0x0000000086e00000| Untracked 
|  61|0x0000000086f00000, 0x0000000086f00000, 0x0000000087000000|  0%| F|  |TAMS 0x0000000086f00000, 0x0000000086f00000| Untracked 
|  62|0x0000000087000000, 0x0000000087000000, 0x0000000087100000|  0%| F|  |TAMS 0x0000000087000000, 0x0000000087000000| Untracked 
|  63|0x0000000087100000, 0x0000000087100000, 0x0000000087200000|  0%| F|  |TAMS 0x0000000087100000, 0x0000000087100000| Untracked 
|  64|0x0000000087200000, 0x0000000087200000, 0x0000000087300000|  0%| F|  |TAMS 0x0000000087200000, 0x0000000087200000| Untracked 
|  65|0x0000000087300000, 0x0000000087300000, 0x0000000087400000|  0%| F|  |TAMS 0x0000000087300000, 0x0000000087300000| Untracked 
|  66|0x0000000087400000, 0x0000000087400000, 0x0000000087500000|  0%| F|  |TAMS 0x0000000087400000, 0x0000000087400000| Untracked 
|  67|0x0000000087500000, 0x0000000087500000, 0x0000000087600000|  0%| F|  |TAMS 0x0000000087500000, 0x0000000087500000| Untracked 
|  68|0x0000000087600000, 0x0000000087600000, 0x0000000087700000|  0%| F|  |TAMS 0x0000000087600000, 0x0000000087600000| Untracked 
|  69|0x0000000087700000, 0x0000000087700000, 0x0000000087800000|  0%| F|  |TAMS 0x0000000087700000, 0x0000000087700000| Untracked 
|  70|0x0000000087800000, 0x0000000087800000, 0x0000000087900000|  0%| F|  |TAMS 0x0000000087800000, 0x0000000087800000| Untracked 
|  71|0x0000000087900000, 0x0000000087900000, 0x0000000087a00000|  0%| F|  |TAMS 0x0000000087900000, 0x0000000087900000| Untracked 
|  72|0x0000000087a00000, 0x0000000087a00000, 0x0000000087b00000|  0%| F|  |TAMS 0x0000000087a00000, 0x0000000087a00000| Untracked 
|  73|0x0000000087b00000, 0x0000000087b00000, 0x0000000087c00000|  0%| F|  |TAMS 0x0000000087b00000, 0x0000000087b00000| Untracked 
|  74|0x0000000087c00000, 0x0000000087c00000, 0x0000000087d00000|  0%| F|  |TAMS 0x0000000087c00000, 0x0000000087c00000| Untracked 
|  75|0x0000000087d00000, 0x0000000087d00000, 0x0000000087e00000|  0%| F|  |TAMS 0x0000000087d00000, 0x0000000087d00000| Untracked 
|  76|0x0000000087e00000, 0x0000000087e00000, 0x0000000087f00000|  0%| F|  |TAMS 0x0000000087e00000, 0x0000000087e00000| Untracked 
|  77|0x0000000087f00000, 0x0000000087f00000, 0x0000000088000000|  0%| F|  |TAMS 0x0000000087f00000, 0x0000000087f00000| Untracked 
|  78|0x0000000088000000, 0x0000000088000000, 0x0000000088100000|  0%| F|  |TAMS 0x0000000088000000, 0x0000000088000000| Untracked 
|  79|0x0000000088100000, 0x0000000088100000, 0x0000000088200000|  0%| F|  |TAMS 0x0000000088100000, 0x0000000088100000| Untracked 
|  80|0x0000000088200000, 0x0000000088200000, 0x0000000088300000|  0%| F|  |TAMS 0x0000000088200000, 0x0000000088200000| Untracked 
|  81|0x0000000088300000, 0x0000000088300000, 0x0000000088400000|  0%| F|  |TAMS 0x0000000088300000, 0x0000000088300000| Untracked 
|  82|0x0000000088400000, 0x0000000088400000, 0x0000000088500000|  0%| F|  |TAMS 0x0000000088400000, 0x0000000088400000| Untracked 
|  83|0x0000000088500000, 0x0000000088500000, 0x0000000088600000|  0%| F|  |TAMS 0x0000000088500000, 0x0000000088500000| Untracked 
|  84|0x0000000088600000, 0x0000000088600000, 0x0000000088700000|  0%| F|  |TAMS 0x0000000088600000, 0x0000000088600000| Untracked 
|  85|0x0000000088700000, 0x0000000088700000, 0x0000000088800000|  0%| F|  |TAMS 0x0000000088700000, 0x0000000088700000| Untracked 
|  86|0x0000000088800000, 0x0000000088800000, 0x0000000088900000|  0%| F|  |TAMS 0x0000000088800000, 0x0000000088800000| Untracked 
|  87|0x0000000088900000, 0x0000000088900000, 0x0000000088a00000|  0%| F|  |TAMS 0x0000000088900000, 0x0000000088900000| Untracked 
|  88|0x0000000088a00000, 0x0000000088a00000, 0x0000000088b00000|  0%| F|  |TAMS 0x0000000088a00000, 0x0000000088a00000| Untracked 
|  89|0x0000000088b00000, 0x0000000088b00000, 0x0000000088c00000|  0%| F|  |TAMS 0x0000000088b00000, 0x0000000088b00000| Untracked 
|  90|0x0000000088c00000, 0x0000000088c00000, 0x0000000088d00000|  0%| F|  |TAMS 0x0000000088c00000, 0x0000000088c00000| Untracked 
|  91|0x0000000088d00000, 0x0000000088d00000, 0x0000000088e00000|  0%| F|  |TAMS 0x0000000088d00000, 0x0000000088d00000| Untracked 
|  92|0x0000000088e00000, 0x0000000088e00000, 0x0000000088f00000|  0%| F|  |TAMS 0x0000000088e00000, 0x0000000088e00000| Untracked 
|  93|0x0000000088f00000, 0x0000000088f00000, 0x0000000089000000|  0%| F|  |TAMS 0x0000000088f00000, 0x0000000088f00000| Untracked 
|  94|0x0000000089000000, 0x0000000089000000, 0x0000000089100000|  0%| F|  |TAMS 0x0000000089000000, 0x0000000089000000| Untracked 
|  95|0x0000000089100000, 0x0000000089100000, 0x0000000089200000|  0%| F|  |TAMS 0x0000000089100000, 0x0000000089100000| Untracked 
|  96|0x0000000089200000, 0x0000000089200000, 0x0000000089300000|  0%| F|  |TAMS 0x0000000089200000, 0x0000000089200000| Untracked 
|  97|0x0000000089300000, 0x0000000089300000, 0x0000000089400000|  0%| F|  |TAMS 0x0000000089300000, 0x0000000089300000| Untracked 
|  98|0x0000000089400000, 0x0000000089400000, 0x0000000089500000|  0%| F|  |TAMS 0x0000000089400000, 0x0000000089400000| Untracked 
|  99|0x0000000089500000, 0x0000000089500000, 0x0000000089600000|  0%| F|  |TAMS 0x0000000089500000, 0x0000000089500000| Untracked 
| 100|0x0000000089600000, 0x0000000089600000, 0x0000000089700000|  0%| F|  |TAMS 0x0000000089600000, 0x0000000089600000| Untracked 
| 101|0x0000000089700000, 0x0000000089700000, 0x0000000089800000|  0%| F|  |TAMS 0x0000000089700000, 0x0000000089700000| Untracked 
| 102|0x0000000089800000, 0x0000000089800000, 0x0000000089900000|  0%| F|  |TAMS 0x0000000089800000, 0x0000000089800000| Untracked 
| 103|0x0000000089900000, 0x0000000089900000, 0x0000000089a00000|  0%| F|  |TAMS 0x0000000089900000, 0x0000000089900000| Untracked 
| 104|0x0000000089a00000, 0x0000000089a00000, 0x0000000089b00000|  0%| F|  |TAMS 0x0000000089a00000, 0x0000000089a00000| Untracked 
| 105|0x0000000089b00000, 0x0000000089b00000, 0x0000000089c00000|  0%| F|  |TAMS 0x0000000089b00000, 0x0000000089b00000| Untracked 
| 106|0x0000000089c00000, 0x0000000089c00000, 0x0000000089d00000|  0%| F|  |TAMS 0x0000000089c00000, 0x0000000089c00000| Untracked 
| 107|0x0000000089d00000, 0x0000000089d00000, 0x0000000089e00000|  0%| F|  |TAMS 0x0000000089d00000, 0x0000000089d00000| Untracked 
| 108|0x0000000089e00000, 0x0000000089e00000, 0x0000000089f00000|  0%| F|  |TAMS 0x0000000089e00000, 0x0000000089e00000| Untracked 
| 109|0x0000000089f00000, 0x0000000089f00000, 0x000000008a000000|  0%| F|  |TAMS 0x0000000089f00000, 0x0000000089f00000| Untracked 
| 110|0x000000008a000000, 0x000000008a000000, 0x000000008a100000|  0%| F|  |TAMS 0x000000008a000000, 0x000000008a000000| Untracked 
| 111|0x000000008a100000, 0x000000008a100000, 0x000000008a200000|  0%| F|  |TAMS 0x000000008a100000, 0x000000008a100000| Untracked 
| 112|0x000000008a200000, 0x000000008a200000, 0x000000008a300000|  0%| F|  |TAMS 0x000000008a200000, 0x000000008a200000| Untracked 
| 113|0x000000008a300000, 0x000000008a300000, 0x000000008a400000|  0%| F|  |TAMS 0x000000008a300000, 0x000000008a300000| Untracked 
| 114|0x000000008a400000, 0x000000008a400000, 0x000000008a500000|  0%| F|  |TAMS 0x000000008a400000, 0x000000008a400000| Untracked 
| 115|0x000000008a500000, 0x000000008a500000, 0x000000008a600000|  0%| F|  |TAMS 0x000000008a500000, 0x000000008a500000| Untracked 
| 116|0x000000008a600000, 0x000000008a600000, 0x000000008a700000|  0%| F|  |TAMS 0x000000008a600000, 0x000000008a600000| Untracked 
| 117|0x000000008a700000, 0x000000008a7ec240, 0x000000008a800000| 92%| E|  |TAMS 0x000000008a700000, 0x000000008a700000| Complete 
| 118|0x000000008a800000, 0x000000008a900000, 0x000000008a900000|100%| E|CS|TAMS 0x000000008a800000, 0x000000008a800000| Complete 
| 119|0x000000008a900000, 0x000000008aa00000, 0x000000008aa00000|100%| E|CS|TAMS 0x000000008a900000, 0x000000008a900000| Complete 
| 120|0x000000008aa00000, 0x000000008ab00000, 0x000000008ab00000|100%| E|CS|TAMS 0x000000008aa00000, 0x000000008aa00000| Complete 
| 121|0x000000008ab00000, 0x000000008ac00000, 0x000000008ac00000|100%| E|CS|TAMS 0x000000008ab00000, 0x000000008ab00000| Complete 
| 122|0x000000008ac00000, 0x000000008ad00000, 0x000000008ad00000|100%| E|CS|TAMS 0x000000008ac00000, 0x000000008ac00000| Complete 
| 123|0x000000008ad00000, 0x000000008ae00000, 0x000000008ae00000|100%| E|CS|TAMS 0x000000008ad00000, 0x000000008ad00000| Complete 
| 124|0x000000008ae00000, 0x000000008af00000, 0x000000008af00000|100%| E|CS|TAMS 0x000000008ae00000, 0x000000008ae00000| Complete 
| 125|0x000000008af00000, 0x000000008b000000, 0x000000008b000000|100%| E|CS|TAMS 0x000000008af00000, 0x000000008af00000| Complete 

Card table byte_map: [0x0000019229a90000,0x0000019229e80000] _byte_map_base: 0x0000019229677000

Marking Bits (Prev, Next): (CMBitMap*) 0x0000019212c2ed90, (CMBitMap*) 0x0000019212c2edd0
 Prev Bits: [0x000001922a270000, 0x000001922c1a8000)
 Next Bits: [0x000001922c1b0000, 0x000001922e0e8000)

Polling page: 0x00000192123d0000

Metaspace:

Usage:
  Non-class:      5.37 MB used.
      Class:    661.69 KB used.
       Both:      6.01 MB used.

Virtual space:
  Non-class space:        8.00 MB reserved,       5.44 MB ( 68%) committed,  1 nodes.
      Class space:        1.00 GB reserved,     768.00 KB ( <1%) committed,  1 nodes.
              Both:        1.01 GB reserved,       6.19 MB ( <1%) committed. 

Chunk freelists:
   Non-Class:  2.38 MB
       Class:  3.24 MB
        Both:  5.61 MB

MaxMetaspaceSize: 17179869184.00 GB
CompressedClassSpaceSize: 1.00 GB
 - commit_granule_bytes: 65536.
 - commit_granule_words: 8192.
 - virtual_space_node_default_size: 1048576.
 - enlarge_chunks_in_place: 1.
 - new_chunks_are_fully_committed: 0.
 - uncommit_free_chunks: 1.
 - use_allocation_guard: 0.
 - handle_deallocations: 1.


Internal statistics:

num_allocs_failed_limit: 0.
num_arena_births: 116.
num_arena_deaths: 0.
num_vsnodes_births: 2.
num_vsnodes_deaths: 0.
num_space_committed: 99.
num_space_uncommitted: 0.
num_chunks_returned_to_freelist: 0.
num_chunks_taken_from_freelist: 145.
num_chunk_merges: 0.
num_chunk_splits: 90.
num_chunks_enlarged: 41.
num_purges: 0.

CodeHeap 'non-profiled nmethods': size=120000Kb used=173Kb max_used=173Kb free=119826Kb
 bounds [0x0000019221e40000, 0x00000192220b0000, 0x0000019229370000]
CodeHeap 'profiled nmethods': size=120000Kb used=1033Kb max_used=1033Kb free=118966Kb
 bounds [0x000001921a910000, 0x000001921ab80000, 0x0000019221e40000]
CodeHeap 'non-nmethods': size=5760Kb used=1323Kb max_used=1332Kb free=4436Kb
 bounds [0x000001921a370000, 0x000001921a5e0000, 0x000001921a910000]
 total_blobs=1178 nmethods=626 adapters=465
 compilation: enabled
              stopped_count=0, restarted_count=0
 full_count=0

Compilation events (20 events):
Event: 0.341 Thread 0x00000192329ddce0 nmethod 567 0x0000019221e68510 code [0x0000019221e68680, 0x0000019221e68718]
Event: 0.341 Thread 0x00000192329ddce0  580       4       java.lang.StringLatin1::canEncode (13 bytes)
Event: 0.341 Thread 0x0000019230aee2a0 nmethod 581 0x000001921aa02890 code [0x000001921aa02a40, 0x000001921aa02c78]
Event: 0.341 Thread 0x0000019230aee2a0  587       3       java.lang.Character::toUpperCase (6 bytes)
Event: 0.341 Thread 0x0000019230aee2a0 nmethod 587 0x000001921aa02d90 code [0x000001921aa02f40, 0x000001921aa03198]
Event: 0.341 Thread 0x0000019230aee2a0  588       3       java.lang.invoke.MethodHandles$Lookup::checkAccess (232 bytes)
Event: 0.341 Thread 0x00000192329ddce0 nmethod 580 0x0000019221e68810 code [0x0000019221e68980, 0x0000019221e689f8]
Event: 0.341 Thread 0x00000192329ddce0  586       4       java.lang.CharacterDataLatin1::getProperties (11 bytes)
Event: 0.342 Thread 0x00000192329ddce0 nmethod 586 0x0000019221e68b10 code [0x0000019221e68ca0, 0x0000019221e68d58]
Event: 0.342 Thread 0x00000192329ddce0  471 % !   4       sun.awt.image.PNGImageDecoder::produceImage @ 960 (1917 bytes)
Event: 0.343 Thread 0x0000019230aee2a0 nmethod 588 0x000001921aa03290 code [0x000001921aa03660, 0x000001921aa04ed8]
Event: 0.343 Thread 0x0000019230aee2a0  569       3       java.lang.invoke.LambdaFormEditor$TransformKey::<init> (15 bytes)
Event: 0.343 Thread 0x0000019230aee2a0 nmethod 569 0x000001921aa05610 code [0x000001921aa057c0, 0x000001921aa05958]
Event: 0.343 Thread 0x0000019230aee2a0  582       1       sun.util.locale.BaseLocale::getLanguage (5 bytes)
Event: 0.343 Thread 0x0000019230aee2a0 nmethod 582 0x0000019221e68e10 code [0x0000019221e68fa0, 0x0000019221e69078]
Event: 0.343 Thread 0x0000019230aee2a0  590       3       java.lang.invoke.LambdaForm::useCount (90 bytes)
Event: 0.344 Thread 0x0000019230aee2a0 nmethod 590 0x000001921aa05a10 code [0x000001921aa05be0, 0x000001921aa05fb8]
Event: 0.344 Thread 0x0000019230aee2a0  591       3       java.lang.invoke.LambdaForm::lastUseIndex (76 bytes)
Event: 0.344 Thread 0x0000019230aee2a0 nmethod 591 0x000001921aa06190 code [0x000001921aa06360, 0x000001921aa066a8]
Event: 0.344 Thread 0x0000019230aee2a0  592       3       java.lang.invoke.LambdaForm$Name::<init> (44 bytes)

GC Heap History (0 events):
No events

Deoptimization events (20 events):
Event: 0.301 Thread 0x00000192318a5b30 DEOPT PACKING pc=0x000001921a9bd3db sp=0x0000005539afeb90
Event: 0.301 Thread 0x00000192318a5b30 DEOPT UNPACKING pc=0x000001921a3be77e sp=0x0000005539afe010 mode 0
Event: 0.301 Thread 0x00000192318a5b30 DEOPT PACKING pc=0x000001921a9bd3db sp=0x0000005539afeb90
Event: 0.301 Thread 0x00000192318a5b30 DEOPT UNPACKING pc=0x000001921a3be77e sp=0x0000005539afe010 mode 0
Event: 0.301 Thread 0x00000192318a5b30 DEOPT PACKING pc=0x000001921a9bd3db sp=0x0000005539afeb90
Event: 0.301 Thread 0x00000192318a5b30 DEOPT UNPACKING pc=0x000001921a3be77e sp=0x0000005539afe010 mode 0
Event: 0.301 Thread 0x00000192318a5b30 DEOPT PACKING pc=0x000001921a9bd3db sp=0x0000005539afeb90
Event: 0.301 Thread 0x00000192318a5b30 DEOPT UNPACKING pc=0x000001921a3be77e sp=0x0000005539afe010 mode 0
Event: 0.301 Thread 0x00000192318a5b30 DEOPT PACKING pc=0x000001921a9bd3db sp=0x0000005539afeb90
Event: 0.301 Thread 0x00000192318a5b30 DEOPT UNPACKING pc=0x000001921a3be77e sp=0x0000005539afe010 mode 0
Event: 0.301 Thread 0x00000192318a5b30 DEOPT PACKING pc=0x000001921a9bd3db sp=0x0000005539afeb90
Event: 0.301 Thread 0x00000192318a5b30 DEOPT UNPACKING pc=0x000001921a3be77e sp=0x0000005539afe010 mode 0
Event: 0.302 Thread 0x00000192318a5b30 DEOPT PACKING pc=0x000001921a9bd3db sp=0x0000005539afeb90
Event: 0.302 Thread 0x00000192318a5b30 DEOPT UNPACKING pc=0x000001921a3be77e sp=0x0000005539afe010 mode 0
Event: 0.302 Thread 0x00000192318a5b30 DEOPT PACKING pc=0x000001921a9bd3db sp=0x0000005539afeb90
Event: 0.302 Thread 0x00000192318a5b30 DEOPT UNPACKING pc=0x000001921a3be77e sp=0x0000005539afe010 mode 0
Event: 0.302 Thread 0x00000192318a5b30 DEOPT PACKING pc=0x000001921a9bd3db sp=0x0000005539afeb90
Event: 0.302 Thread 0x00000192318a5b30 DEOPT UNPACKING pc=0x000001921a3be77e sp=0x0000005539afe010 mode 0
Event: 0.302 Thread 0x00000192318a5b30 DEOPT PACKING pc=0x000001921a9bd3db sp=0x0000005539afeb90
Event: 0.302 Thread 0x00000192318a5b30 DEOPT UNPACKING pc=0x000001921a3be77e sp=0x0000005539afe010 mode 0

Classes unloaded (0 events):
No events

Classes redefined (0 events):
No events

Internal exceptions (14 events):
Event: 0.121 Thread 0x0000019212bec170 Exception <a 'java/lang/NoSuchMethodError'{0x000000008ae32128}: 'void java.lang.invoke.DirectMethodHandle$Holder.invokeSpecial(java.lang.Object, java.lang.Object, java.lang.Object)'> (0x000000008ae32128) 
thrown [t:\workspace\open\src\hotspot\share\interpreter\linkResolver.cpp, line 790]
Event: 0.134 Thread 0x0000019212bec170 Exception <a 'java/lang/ClassNotFoundException'{0x000000008ae52b78}: sun/awt/resources/spi/awtProvider> (0x000000008ae52b78) 
thrown [t:\workspace\open\src\hotspot\share\classfile\systemDictionary.cpp, line 256]
Event: 0.156 Thread 0x0000019212bec170 Exception <a 'java/io/FileNotFoundException'{0x000000008ad22938}> (0x000000008ad22938) 
thrown [t:\workspace\open\src\hotspot\share\prims\jni.cpp, line 579]
Event: 0.161 Thread 0x0000019212bec170 Exception <a 'java/io/FileNotFoundException'{0x000000008ad511e0}> (0x000000008ad511e0) 
thrown [t:\workspace\open\src\hotspot\share\prims\jni.cpp, line 579]
Event: 0.162 Thread 0x0000019212bec170 Exception <a 'java/lang/NoSuchMethodError'{0x000000008ad523d8}: 'java.lang.Object java.lang.invoke.DirectMethodHandle$Holder.invokeStatic(java.lang.Object)'> (0x000000008ad523d8) 
thrown [t:\workspace\open\src\hotspot\share\interpreter\linkResolver.cpp, line 790]
Event: 0.188 Thread 0x0000019212bec170 Exception <a 'java/lang/NoSuchMethodError'{0x000000008ada7b78}: 'java.lang.Object java.lang.invoke.DirectMethodHandle$Holder.invokeStaticInit(java.lang.Object)'> (0x000000008ada7b78) 
thrown [t:\workspace\open\src\hotspot\share\interpreter\linkResolver.cpp, line 790]
Event: 0.216 Thread 0x0000019212bec170 Exception <a 'java/lang/NoSuchMethodError'{0x000000008ac2d098}: 'java.lang.Object java.lang.invoke.DirectMethodHandle$Holder.newInvokeSpecial(java.lang.Object, java.lang.Object, java.lang.Object, java.lang.Object, java.lang.Object)'> (0x000000008ac2d098) 
thrown [t:\workspace\open\src\hotspot\share\interpreter\linkResolver.cpp, line 790]
Event: 0.217 Thread 0x0000019212bec170 Exception <a 'java/lang/NoSuchMethodError'{0x000000008ac38b80}: 'java.lang.Object java.lang.invoke.DirectMethodHandle$Holder.invokeStatic(java.lang.Object, int, java.lang.Object, java.lang.Object, java.lang.Object, java.lang.Object)'> (0x000000008ac38b80) 
thrown [t:\workspace\open\src\hotspot\share\interpreter\linkResolver.cpp, line 790]
Event: 0.220 Thread 0x0000019212bec170 Exception <a 'java/lang/NoSuchMethodError'{0x000000008ac5ec48}: 'java.lang.Object java.lang.invoke.DirectMethodHandle$Holder.invokeStatic(java.lang.Object, int, java.lang.Object)'> (0x000000008ac5ec48) 
thrown [t:\workspace\open\src\hotspot\share\interpreter\linkResolver.cpp, line 790]
Event: 0.238 Thread 0x0000019212bec170 Exception <a 'java/lang/ClassNotFoundException'{0x000000008ab17888}: com/sun/swing/internal/plaf/metal/resources/spi/metalProvider> (0x000000008ab17888) 
thrown [t:\workspace\open\src\hotspot\share\classfile\systemDictionary.cpp, line 256]
Event: 0.239 Thread 0x0000019212bec170 Exception <a 'java/lang/ClassNotFoundException'{0x000000008ab1bb60}: com/sun/swing/internal/plaf/basic/resources/spi/basicProvider> (0x000000008ab1bb60) 
thrown [t:\workspace\open\src\hotspot\share\classfile\systemDictionary.cpp, line 256]
Event: 0.264 Thread 0x00000192318a5b30 Exception <a 'java/lang/NoSuchMethodError'{0x000000008abfc510}: 'java.lang.Object java.lang.invoke.DirectMethodHandle$Holder.newInvokeSpecial(java.lang.Object, java.lang.Object, java.lang.Object, int, int, int, int, int)'> (0x000000008abfc510) 
thrown [t:\workspace\open\src\hotspot\share\interpreter\linkResolver.cpp, line 790]
Event: 0.312 Thread 0x00000192317fcc90 Exception <a 'java/lang/NoSuchMethodError'{0x000000008adfb9c8}: 'void java.lang.invoke.DirectMethodHandle$Holder.invokeVirtual(java.lang.Object, java.lang.Object)'> (0x000000008adfb9c8) 
thrown [t:\workspace\open\src\hotspot\share\interpreter\linkResolver.cpp, line 790]
Event: 0.321 Thread 0x0000019212bec170 Exception <a 'java/lang/NoSuchMethodError'{0x000000008ab6c2a0}: 'void java.lang.invoke.DirectMethodHandle$Holder.invokeStaticInit(java.lang.Object)'> (0x000000008ab6c2a0) 
thrown [t:\workspace\open\src\hotspot\share\interpreter\linkResolver.cpp, line 790]

Events (20 events):
Event: 0.339 loading class java/lang/ProcessEnvironment$EntryComparator done
Event: 0.340 loading class java/lang/ProcessEnvironment$CheckedEntrySet
Event: 0.340 loading class java/lang/ProcessEnvironment$CheckedEntrySet done
Event: 0.340 loading class java/lang/ProcessEnvironment$CheckedEntrySet$1
Event: 0.340 loading class java/lang/ProcessEnvironment$CheckedEntrySet$1 done
Event: 0.340 loading class java/lang/ProcessEnvironment$CheckedEntry
Event: 0.340 loading class java/lang/ProcessEnvironment$CheckedEntry done
Event: 0.340 loading class sun/awt/Win32FontManager$2
Event: 0.341 Thread 0x00000192329ddce0 Thread added: 0x00000192329ddce0
Event: 0.341 loading class sun/awt/Win32FontManager$2 done
Event: 0.342 loading class sun/awt/FontConfiguration$2
Event: 0.342 loading class sun/awt/FontConfiguration$2 done
Event: 0.342 loading class sun/awt/windows/WingDings
Event: 0.342 loading class sun/awt/windows/WingDings done
Event: 0.342 loading class sun/awt/windows/WingDings$Encoder
Event: 0.342 loading class sun/awt/windows/WingDings$Encoder done
Event: 0.342 loading class sun/awt/Symbol
Event: 0.342 loading class sun/awt/Symbol done
Event: 0.342 loading class sun/awt/Symbol$Encoder
Event: 0.342 loading class sun/awt/Symbol$Encoder done


Dynamic libraries:
0x00007ff6e7960000 - 0x00007ff6e7970000 	C:\Program Files\Java\jdk-16.0.2\bin\java.exe
0x00007ffb3df00000 - 0x00007ffb3e107000 	C:\WINDOWS\SYSTEM32\ntdll.dll
0x00007ffb3d240000 - 0x00007ffb3d2fd000 	C:\WINDOWS\System32\KERNEL32.DLL
0x00007ffb3b870000 - 0x00007ffb3bbe4000 	C:\WINDOWS\System32\KERNELBASE.dll
0x00007ffb3b540000 - 0x00007ffb3b651000 	C:\WINDOWS\System32\ucrtbase.dll
0x00007ffb36d10000 - 0x00007ffb36d28000 	C:\Program Files\Java\jdk-16.0.2\bin\jli.dll
0x00007ffb32570000 - 0x00007ffb32589000 	C:\Program Files\Java\jdk-16.0.2\bin\VCRUNTIME140.dll
0x00007ffb3d8a0000 - 0x00007ffb3d94c000 	C:\WINDOWS\System32\ADVAPI32.dll
0x00007ffb3dd50000 - 0x00007ffb3ddf3000 	C:\WINDOWS\System32\msvcrt.dll
0x00007ffb3d140000 - 0x00007ffb3d1dd000 	C:\WINDOWS\System32\sechost.dll
0x00007ffb3d370000 - 0x00007ffb3d491000 	C:\WINDOWS\System32\RPCRT4.dll
0x00007ffb3d6d0000 - 0x00007ffb3d87c000 	C:\WINDOWS\System32\USER32.dll
0x00007ffb3b3e0000 - 0x00007ffb3b406000 	C:\WINDOWS\System32\win32u.dll
0x00007ffb21fa0000 - 0x00007ffb22245000 	C:\WINDOWS\WinSxS\amd64_microsoft.windows.common-controls_6595b64144ccf1df_6.0.22000.120_none_9d947278b86cc467\COMCTL32.dll
0x00007ffb3de00000 - 0x00007ffb3de29000 	C:\WINDOWS\System32\GDI32.dll
0x00007ffb3bc70000 - 0x00007ffb3bd82000 	C:\WINDOWS\System32\gdi32full.dll
0x00007ffb3b7d0000 - 0x00007ffb3b86d000 	C:\WINDOWS\System32\msvcp_win.dll
0x00007ffb2f520000 - 0x00007ffb2f52a000 	C:\WINDOWS\SYSTEM32\VERSION.dll
0x00007ffb3c710000 - 0x00007ffb3c741000 	C:\WINDOWS\System32\IMM32.DLL
0x00007ffb38490000 - 0x00007ffb3849c000 	C:\Program Files\Java\jdk-16.0.2\bin\vcruntime140_1.dll
0x00007ffafc2e0000 - 0x00007ffafc371000 	C:\Program Files\Java\jdk-16.0.2\bin\msvcp140.dll
0x00007ffaa9740000 - 0x00007ffaaa2eb000 	C:\Program Files\Java\jdk-16.0.2\bin\server\jvm.dll
0x00007ffb3c980000 - 0x00007ffb3c988000 	C:\WINDOWS\System32\PSAPI.DLL
0x00007ffb37c30000 - 0x00007ffb37c39000 	C:\WINDOWS\SYSTEM32\WSOCK32.dll
0x00007ffb2fb00000 - 0x00007ffb2fb33000 	C:\WINDOWS\SYSTEM32\WINMM.dll
0x00007ffb3d300000 - 0x00007ffb3d36f000 	C:\WINDOWS\System32\WS2_32.dll
0x00007ffb3a5f0000 - 0x00007ffb3a608000 	C:\WINDOWS\SYSTEM32\kernel.appcore.dll
0x00007ffb36d40000 - 0x00007ffb36d4a000 	C:\Program Files\Java\jdk-16.0.2\bin\jimage.dll
0x00007ffb38d70000 - 0x00007ffb38f91000 	C:\WINDOWS\SYSTEM32\DBGHELP.DLL
0x00007ffb2fa50000 - 0x00007ffb2fa81000 	C:\WINDOWS\SYSTEM32\dbgcore.DLL
0x00007ffb3bbf0000 - 0x00007ffb3bc70000 	C:\WINDOWS\System32\bcryptPrimitives.dll
0x00007ffb08780000 - 0x00007ffb087bb000 	C:\Program Files\Java\jdk-16.0.2\bin\jdwp.dll
0x00007ffb2f340000 - 0x00007ffb2f365000 	C:\Program Files\Java\jdk-16.0.2\bin\java.dll
0x00007ffb3c990000 - 0x00007ffb3d13a000 	C:\WINDOWS\System32\SHELL32.dll
0x00007ffb39580000 - 0x00007ffb39de2000 	C:\WINDOWS\SYSTEM32\windows.storage.dll
0x00007ffb3c320000 - 0x00007ffb3c698000 	C:\WINDOWS\System32\combase.dll
0x00007ffb39410000 - 0x00007ffb39576000 	C:\WINDOWS\SYSTEM32\wintypes.dll
0x00007ffb3dc60000 - 0x00007ffb3dd4a000 	C:\WINDOWS\System32\SHCORE.dll
0x00007ffb3d1e0000 - 0x00007ffb3d23d000 	C:\WINDOWS\System32\shlwapi.dll
0x00007ffb3b310000 - 0x00007ffb3b331000 	C:\WINDOWS\SYSTEM32\profapi.dll
0x00007ffb37bf0000 - 0x00007ffb37bfc000 	C:\Program Files\Java\jdk-16.0.2\bin\dt_socket.dll
0x00007ffb3a030000 - 0x00007ffb3a05d000 	C:\WINDOWS\SYSTEM32\IPHLPAPI.DLL
0x00007ffb3aa00000 - 0x00007ffb3aa67000 	C:\WINDOWS\system32\mswsock.dll
0x00007ffb3a060000 - 0x00007ffb3a147000 	C:\WINDOWS\SYSTEM32\DNSAPI.dll
0x00007ffb3d4a0000 - 0x00007ffb3d4a9000 	C:\WINDOWS\System32\NSI.dll
0x00007ffb2d450000 - 0x00007ffb2d45a000 	C:\Windows\System32\rasadhlp.dll
0x00007ffb29c20000 - 0x00007ffb29ca1000 	C:\WINDOWS\System32\fwpuclnt.dll
0x00007ffabf760000 - 0x00007ffabf8e0000 	C:\Program Files\Java\jdk-16.0.2\bin\awt.dll
0x00007ffb3c8a0000 - 0x00007ffb3c976000 	C:\WINDOWS\System32\OLEAUT32.dll
0x00007ffb383e0000 - 0x00007ffb38471000 	C:\WINDOWS\SYSTEM32\apphelp.dll
0x00007ffb38730000 - 0x00007ffb3875f000 	C:\WINDOWS\system32\DWMAPI.DLL
0x00007ffb384c0000 - 0x00007ffb3856c000 	C:\WINDOWS\system32\uxtheme.dll
0x00007ffb1a6d0000 - 0x00007ffb1a7d1000 	C:\WINDOWS\system32\opengl32.dll
0x00007ffb1d8d0000 - 0x00007ffb1d8fd000 	C:\WINDOWS\SYSTEM32\GLU32.dll
0x00007ffb385b0000 - 0x00007ffb385e8000 	C:\WINDOWS\SYSTEM32\dxcore.dll
0x00007ffb3c200000 - 0x00007ffb3c31e000 	C:\WINDOWS\System32\MSCTF.dll
0x00007ffb3d960000 - 0x00007ffb3dafa000 	C:\WINDOWS\System32\ole32.dll
0x00007ffb1b8d0000 - 0x00007ffb1b8e8000 	C:\Program Files\Java\jdk-16.0.2\bin\zip.dll
0x00007ffabfa60000 - 0x00007ffabfae9000 	C:\Program Files\Java\jdk-16.0.2\bin\freetype.dll
0x00007ffaafdf0000 - 0x00007ffaafee6000 	C:\Program Files\Java\jdk-16.0.2\bin\harfbuzz.dll
0x00007ffb36d50000 - 0x00007ffb36d62000 	C:\Program Files\Java\jdk-16.0.2\bin\fontmanager.dll
0x00007ffb1a7e0000 - 0x00007ffb1a90d000 	C:\WINDOWS\SYSTEM32\textinputframework.dll

dbghelp: loaded successfully - version: 4.0.5 - missing functions: none
symbol engine: initialized successfully - sym options: 0x614 - pdb path: .;C:\Program Files\Java\jdk-16.0.2\bin;C:\WINDOWS\SYSTEM32;C:\WINDOWS\WinSxS\amd64_microsoft.windows.common-controls_6595b64144ccf1df_6.0.22000.120_none_9d947278b86cc467;C:\Program Files\Java\jdk-16.0.2\bin\server

VM Arguments:
jvm_args: -agentlib:jdwp=transport=dt_socket,server=n,suspend=y,address=localhost:57650 -XX:+ShowCodeDetailsInExceptionMessages 
java_command: simple.minds.Quiz
java_class_path (initial): C:\Users\premd\AppData\Roaming\Code\User\workspaceStorage\d7b94173ab9cca30ae65a81e298b413f\redhat.java\jdt_ws\Quiz-Application-Using-Java-master_692f727a\bin
Launcher Type: SUN_STANDARD

[Global flags]
     intx CICompilerCount                          = 4                                         {product} {ergonomic}
     uint ConcGCThreads                            = 2                                         {product} {ergonomic}
     uint G1ConcRefinementThreads                  = 8                                         {product} {ergonomic}
   size_t G1HeapRegionSize                         = 1048576                                   {product} {ergonomic}
    uintx GCDrainStackTargetSize                   = 64                                        {product} {ergonomic}
   size_t InitialHeapSize                          = 132120576                                 {product} {ergonomic}
   size_t MarkStackSize                            = 4194304                                   {product} {ergonomic}
   size_t MaxHeapSize                              = 2095054848                                {product} {ergonomic}
   size_t MaxNewSize                               = 1256194048                                {product} {ergonomic}
   size_t MinHeapDeltaBytes                        = 1048576                                   {product} {ergonomic}
   size_t MinHeapSize                              = 8388608                                   {product} {ergonomic}
    uintx NonNMethodCodeHeapSize                   = 5839372                                {pd product} {ergonomic}
    uintx NonProfiledCodeHeapSize                  = 122909434                              {pd product} {ergonomic}
    uintx ProfiledCodeHeapSize                     = 122909434                              {pd product} {ergonomic}
    uintx ReservedCodeCacheSize                    = 251658240                              {pd product} {ergonomic}
     bool SegmentedCodeCache                       = true                                      {product} {ergonomic}
     bool ShowCodeDetailsInExceptionMessages       = true                                   {manageable} {command line}
   size_t SoftMaxHeapSize                          = 2095054848                             {manageable} {ergonomic}
     bool UseCompressedClassPointers               = true                           {product lp64_product} {ergonomic}
     bool UseCompressedOops                        = true                           {product lp64_product} {ergonomic}
     bool UseG1GC                                  = true                                      {product} {ergonomic}
     bool UseLargePagesIndividualAllocation        = false                                  {pd product} {ergonomic}

Logging:
Log output configuration:
 #0: stdout all=warning uptime,level,tags
 #1: stderr all=off uptime,level,tags

Environment Variables:
PATH=C:\Program Files\Common Files\Oracle\Java\javapath;C:\WINDOWS\system32;C:\WINDOWS;C:\WINDOWS\System32\Wbem;C:\WINDOWS\System32\WindowsPowerShell\v1.0\;C:\WINDOWS\System32\OpenSSH\;C:\TDM-GCC-64\bin;C:\Program Files\dotnet\;C:\Program Files\Git\cmd;C:\Users\premd\AppData\Local\Microsoft\WindowsApps;;C:\Users\premd\AppData\Local\Programs\Microsoft VS Code\bin
USERNAME=premd
LANG=en_US.UTF-8
OS=Windows_NT
PROCESSOR_IDENTIFIER=Intel64 Family 6 Model 140 Stepping 1, GenuineIntel



---------------  S Y S T E M  ---------------

OS:
 Windows 10 , 64 bit Build 22000 (10.0.22000.318)
OS uptime: 3 days 23:34 hours

CPU: total 8 (initial active 8) (4 cores per cpu, 2 threads per core) family 6 model 140 stepping 1 microcode 0x66, cx8, cmov, fxsr, ht, mmx, 3dnowpref, sse, sse2, sse3, ssse3, sse4.1, sse4.2, popcnt, lzcnt, tsc, tscinvbit, avx, avx2, aes, erms, clmul, bmi1, bmi2, adx, avx512f, avx512dq, avx512cd, avx512bw, avx512vl, sha, fma, vzeroupper, avx512_vpopcntdq, avx512_vpclmulqdq, avx512_vaes, avx512_vnni, clflush, clflushopt, clwb, avx512_vmbi2, avx512_vmbi

Memory: 4k page, system-wide physical 7991M (538M free)
TotalPageFile size 32567M (AvailPageFile size 4M)
current process WorkingSet (physical memory assigned to process): 62M, peak: 62M
current process commit charge ("private bytes"): 223M, peak: 223M

vm_info: Java HotSpot(TM) 64-Bit Server VM (16.0.2+7-67) for windows-amd64 JRE (16.0.2+7-67), built on Jun  8 2021 23:24:19 by "mach5one" with MS VC++ 16.7 (VS2019)

END.
